
20.3.2025, 15:22:19 - DEBUG - auth.service - login with email: efraty665@gmail.com
20.3.2025, 15:22:19 - INFO - User login:  | {"_id":"67ca519f85c61510baa798fd","email":"efraty665@gmail.com","fullName":"adam","imgUrl":"https://res.cloudinary.com/danlxus36/image/upload/v1741312413/best-selfie_xlxkpb.jpg","isAdmin":null}

20.3.2025, 18:42:46 - DEBUG - auth.service - login with email: seangah8@gmail.com
20.3.2025, 18:42:46 - INFO - User login:  | {"_id":"67d14edcead629a931984ecc","email":"seangah8@gmail.com","fullName":"Sean Gah","imgUrl":"https://cdn.pixabay.com/photo/2020/07/01/12/58/icon-5359553_1280.png","isAdmin":null}
21.3.2025, 12:51:34 - INFO - Up and running on http://localhost:3000
21.3.2025, 12:52:14 - DEBUG - auth.service - login with email: efraty665@gmail.com
21.3.2025, 12:52:14 - INFO - User login:  | {"_id":"67ca519f85c61510baa798fd","email":"efraty665@gmail.com","fullName":"adam","imgUrl":"https://res.cloudinary.com/danlxus36/image/upload/v1741312413/best-selfie_xlxkpb.jpg","isAdmin":null}

21.3.2025, 1:27:01 - INFO - Up and running on http://localhost:3000
21.3.2025, 1:28:26 - DEBUG - auth.service - login with email: kiwi@gmail.com
21.3.2025, 1:28:26 - INFO - User login:  | {"_id":"67c45c55c2f1ef4df8072022","email":"kiwi@gmail.com","fullName":"Kiwi","id":"E3iHE","imgUrl":"https://res.cloudinary.com/danlxus36/image/upload/v1740682607/3_iij9dg.jpg"}
21.3.2025, 13:57:58 - INFO - Up and running on http://localhost:3000
22.3.2025, 15:45:52 - DEBUG - auth.service - login with email: efraty665@gmail.com
22.3.2025, 15:45:52 - INFO - User login:  | {"_id":"67ca519f85c61510baa798fd","email":"efraty665@gmail.com","fullName":"adam","imgUrl":"https://res.cloudinary.com/danlxus36/image/upload/v1741312413/best-selfie_xlxkpb.jpg","isAdmin":null}
23.3.2025, 3:34:01 - INFO - Up and running on http://localhost:3000
23.3.2025, 4:33:19 - INFO - Up and listening to port http://localhost:3000
23.3.2025, 4:33:32 - INFO - Up and listening to port http://localhost:3000
23.3.2025, 4:42:01 - INFO - Up and listening to port http://localhost:3000
23.3.2025, 4:43:59 - INFO - Up and listening to port http://localhost:3000
23.3.2025, 4:45:50 - INFO - Up and listening to port http://localhost:3000
23.3.2025, 5:14:17 - INFO - Up and listening to port http://localhost:3000
23.3.2025, 5:32:23 - INFO - Up and listening to port http://localhost:3000
23.3.2025, 5:32:52 - INFO - Up and listening to port http://localhost:3000
23.3.2025, 5:37:40 - DEBUG - auth.service - signup with email: cdhj@g.com, fullName: דגכ
23.3.2025, 5:37:40 - DEBUG - auth.route - new account created: {"email":"cdhj@g.com","password":"$2b$10$W6usGkXk/2WPAa7zRzTI/.UHEcthviixl3jof2Yc2R/q068fZc/uS","fullName":"דגכ","imgUrl":"https://cdn.pixabay.com/photo/2020/07/01/12/58/icon-5359553_1280.png","_id":"67df8204105395b350828cf4"}
23.3.2025, 5:37:40 - DEBUG - auth.service - login with email: cdhj@g.com
23.3.2025, 5:37:40 - INFO - User signup: | {"_id":"67df8204105395b350828cf4","email":"cdhj@g.com","fullName":"דגכ","imgUrl":"https://cdn.pixabay.com/photo/2020/07/01/12/58/icon-5359553_1280.png","color":null,"isAdmin":null}
23.3.2025, 14:59:28 - INFO - Up and listening to port http://localhost:3000
23.3.2025, 15:00:53 - INFO - Up and listening to port http://localhost:3000
23.3.2025, 15:01:46 - INFO - Up and listening to port http://localhost:3000
23.3.2025, 15:01:51 - INFO - Up and listening to port http://localhost:3000
23.3.2025, 15:01:58 - INFO - Up and listening to port http://localhost:3000
23.3.2025, 15:03:59 - INFO - Up and listening to port http://localhost:3000
23.3.2025, 15:04:16 - INFO - Up and listening to port http://localhost:3000
23.3.2025, 15:04:30 - INFO - Up and listening to port http://localhost:3000
23.3.2025, 15:06:54 - INFO - Up and listening to port http://localhost:3000
23.3.2025, 15:10:35 - INFO - Up and listening to port http://localhost:3000
23.3.2025, 15:11:43 - INFO - Up and listening to port http://localhost:3000
23.3.2025, 5:54:53 - DEBUG - auth.service - login with email: seangah8@gmail.com
23.3.2025, 5:54:53 - INFO - User login:  | {"_id":"67d14edcead629a931984ecc","email":"seangah8@gmail.com","fullName":"Sean Gah","imgUrl":"https://cdn.pixabay.com/photo/2020/07/01/12/58/icon-5359553_1280.png","isAdmin":null}
23.3.2025, 6:04:33 - DEBUG - auth.service - signup with email: seangah8@gmail.com, fullName: Sean Gah
23.3.2025, 6:04:33 - ERROR - Failed to signup email already taken
23.3.2025, 6:04:37 - DEBUG - auth.service - signup with email: seangah8@gmail.com, fullName: Sean Gah
23.3.2025, 6:04:37 - ERROR - Failed to signup email already taken
23.3.2025, 6:04:50 - DEBUG - auth.service - signup with email: seangah8@gmail.com, fullName: Sean Gah
23.3.2025, 6:04:50 - ERROR - Failed to signup email already taken
23.3.2025, 6:05:01 - DEBUG - auth.service - signup with email: seangah8@gmail.com, fullName: Sean Gah
23.3.2025, 6:05:01 - ERROR - Failed to signup email already taken
23.3.2025, 6:05:04 - DEBUG - auth.service - signup with email: seangah8@gmail.com, fullName: Sean Gah2
23.3.2025, 6:05:04 - ERROR - Failed to signup email already taken
23.3.2025, 6:05:18 - DEBUG - auth.service - signup with email: seangah8@gmail.com, fullName: Sean Gah2
23.3.2025, 6:05:18 - ERROR - Failed to signup email already taken
23.3.2025, 6:05:49 - DEBUG - auth.service - signup with email: seangah81@gmail.com, fullName: Sean Gah
23.3.2025, 6:05:49 - DEBUG - auth.route - new account created: {"email":"seangah81@gmail.com","password":"$2b$10$/DPh9BfYlMjzbyYfVZjNGO6mqjcn6HeMOubOrw3bhkwYgnlbVwcoi","fullName":"Sean Gah","imgUrl":"https://cdn.pixabay.com/photo/2020/07/01/12/58/icon-5359553_1280.png","color":"#e60000","_id":"67df889dd7b13724bb4a7868"}
23.3.2025, 6:05:49 - DEBUG - auth.service - login with email: seangah81@gmail.com
23.3.2025, 6:05:49 - INFO - User signup: | {"_id":"67df889dd7b13724bb4a7868","email":"seangah81@gmail.com","fullName":"Sean Gah","imgUrl":"https://cdn.pixabay.com/photo/2020/07/01/12/58/icon-5359553_1280.png","color":"#e60000","isAdmin":null}
23.3.2025, 16:32:53 - INFO - Up and running on http://localhost:3000
23.3.2025, 17:50:22 - DEBUG - auth.service - login with email: seangah8@gmail.com
23.3.2025, 17:50:22 - INFO - User login:  | {"_id":"67d14edcead629a931984ecc","email":"seangah8@gmail.com","fullName":"Sean Gah","imgUrl":"https://cdn.pixabay.com/photo/2020/07/01/12/58/icon-5359553_1280.png","isAdmin":null}
23.3.2025, 20:59:51 - DEBUG - auth.service - signup with email: seangah88@gmail.com, fullName: Sean Gah
23.3.2025, 20:59:51 - DEBUG - auth.route - new account created: {"email":"seangah88@gmail.com","password":"$2b$10$5n3DEh.prItSDtsuWzPqSuAgdW0/2Vp43muHxiihYLrHHO2biy/AO","fullName":"Sean Gah","imgUrl":"https://res.cloudinary.com/danlxus36/image/upload/v1742756369/Untitled_yttewa.png","color":"#7F5347","_id":"67e05a2779911fac80876be0"}
23.3.2025, 20:59:51 - DEBUG - auth.service - login with email: seangah88@gmail.com
23.3.2025, 20:59:51 - INFO - User signup: | {"_id":"67e05a2779911fac80876be0","email":"seangah88@gmail.com","fullName":"Sean Gah","imgUrl":"https://res.cloudinary.com/danlxus36/image/upload/v1742756369/Untitled_yttewa.png","color":"#7F5347","isAdmin":null}
